<?xml version="1.0" encoding="UTF-8"?>
<testsuite xmlns:xsi="http://www.w3.org/2001/XMLSchema-instance" xsi:noNamespaceSchemaLocation="https://maven.apache.org/surefire/maven-surefire-plugin/xsd/surefire-test-report.xsd" name="com.demo.AppTest" time="0.143" tests="1" errors="0" skipped="0" failures="0">
  <properties>
    <property name="java.specification.version" value="15"/>
    <property name="sun.cpu.isalist" value="amd64"/>
    <property name="sun.jnu.encoding" value="GBK"/>
    <property name="java.class.path" value="C:\迅雷云盘\test\test\target\test-classes;C:\迅雷云盘\test\test\target\classes;C:\Code\CangPin\junit\junit\4.11\junit-4.11.jar;C:\Code\CangPin\org\hamcrest\hamcrest-core\1.3\hamcrest-core-1.3.jar;C:\Code\CangPin\org\apache\poi\poi-ooxml\4.1.2\poi-ooxml-4.1.2.jar;C:\Code\CangPin\org\apache\poi\poi\4.1.2\poi-4.1.2.jar;C:\Code\CangPin\commons-codec\commons-codec\1.13\commons-codec-1.13.jar;C:\Code\CangPin\org\apache\commons\commons-collections4\4.4\commons-collections4-4.4.jar;C:\Code\CangPin\org\apache\commons\commons-math3\3.6.1\commons-math3-3.6.1.jar;C:\Code\CangPin\com\zaxxer\SparseBitSet\1.2\SparseBitSet-1.2.jar;C:\Code\CangPin\org\apache\poi\poi-ooxml-schemas\4.1.2\poi-ooxml-schemas-4.1.2.jar;C:\Code\CangPin\org\apache\xmlbeans\xmlbeans\3.1.0\xmlbeans-3.1.0.jar;C:\Code\CangPin\org\apache\commons\commons-compress\1.19\commons-compress-1.19.jar;C:\Code\CangPin\com\github\virtuald\curvesapi\1.06\curvesapi-1.06.jar;C:\Code\CangPin\com\jcraft\jsch\0.1.54\jsch-0.1.54.jar;C:\Code\CangPin\commons-net\commons-net\3.3\commons-net-3.3.jar;C:\Code\CangPin\org\slf4j\slf4j-api\1.7.22\slf4j-api-1.7.22.jar;C:\Code\CangPin\org\slf4j\slf4j-log4j12\1.7.22\slf4j-log4j12-1.7.22.jar;C:\Code\CangPin\log4j\log4j\1.2.17\log4j-1.2.17.jar;C:\Code\CangPin\commons-io\commons-io\2.8.0\commons-io-2.8.0.jar;"/>
    <property name="java.vm.vendor" value="Oracle Corporation"/>
    <property name="sun.arch.data.model" value="64"/>
    <property name="user.variant" value=""/>
    <property name="java.vendor.url" value="https://java.oracle.com/"/>
    <property name="user.timezone" value="Asia/Shanghai"/>
    <property name="os.name" value="Windows 10"/>
    <property name="java.vm.specification.version" value="15"/>
    <property name="sun.java.launcher" value="SUN_STANDARD"/>
    <property name="user.country" value="CN"/>
    <property name="sun.boot.library.path" value="C:\Code\jdk-15.0.1_windows-x64_bin\jdk-15.0.1\bin"/>
    <property name="sun.java.command" value="C:\Users\jky-luxy\AppData\Local\Temp\surefire4617883909539399919\surefirebooter10790368316850473038.jar C:\Users\jky-luxy\AppData\Local\Temp\surefire4617883909539399919 2020-12-25T17-11-17_168-jvmRun1 surefire17540046172892417464tmp surefire_04832882902647763157tmp"/>
    <property name="jdk.debug" value="release"/>
    <property name="surefire.test.class.path" value="C:\迅雷云盘\test\test\target\test-classes;C:\迅雷云盘\test\test\target\classes;C:\Code\CangPin\junit\junit\4.11\junit-4.11.jar;C:\Code\CangPin\org\hamcrest\hamcrest-core\1.3\hamcrest-core-1.3.jar;C:\Code\CangPin\org\apache\poi\poi-ooxml\4.1.2\poi-ooxml-4.1.2.jar;C:\Code\CangPin\org\apache\poi\poi\4.1.2\poi-4.1.2.jar;C:\Code\CangPin\commons-codec\commons-codec\1.13\commons-codec-1.13.jar;C:\Code\CangPin\org\apache\commons\commons-collections4\4.4\commons-collections4-4.4.jar;C:\Code\CangPin\org\apache\commons\commons-math3\3.6.1\commons-math3-3.6.1.jar;C:\Code\CangPin\com\zaxxer\SparseBitSet\1.2\SparseBitSet-1.2.jar;C:\Code\CangPin\org\apache\poi\poi-ooxml-schemas\4.1.2\poi-ooxml-schemas-4.1.2.jar;C:\Code\CangPin\org\apache\xmlbeans\xmlbeans\3.1.0\xmlbeans-3.1.0.jar;C:\Code\CangPin\org\apache\commons\commons-compress\1.19\commons-compress-1.19.jar;C:\Code\CangPin\com\github\virtuald\curvesapi\1.06\curvesapi-1.06.jar;C:\Code\CangPin\com\jcraft\jsch\0.1.54\jsch-0.1.54.jar;C:\Code\CangPin\commons-net\commons-net\3.3\commons-net-3.3.jar;C:\Code\CangPin\org\slf4j\slf4j-api\1.7.22\slf4j-api-1.7.22.jar;C:\Code\CangPin\org\slf4j\slf4j-log4j12\1.7.22\slf4j-log4j12-1.7.22.jar;C:\Code\CangPin\log4j\log4j\1.2.17\log4j-1.2.17.jar;C:\Code\CangPin\commons-io\commons-io\2.8.0\commons-io-2.8.0.jar;"/>
    <property name="sun.cpu.endian" value="little"/>
    <property name="user.home" value="C:\Users\jky-luxy"/>
    <property name="user.language" value="zh"/>
    <property name="java.specification.vendor" value="Oracle Corporation"/>
    <property name="java.version.date" value="2020-10-20"/>
    <property name="java.home" value="C:\Code\jdk-15.0.1_windows-x64_bin\jdk-15.0.1"/>
    <property name="file.separator" value="\"/>
    <property name="basedir" value="C:\迅雷云盘\test\test"/>
    <property name="java.vm.compressedOopsMode" value="32-bit"/>
    <property name="line.separator" value="&#10;"/>
    <property name="java.vm.specification.vendor" value="Oracle Corporation"/>
    <property name="java.specification.name" value="Java Platform API Specification"/>
    <property name="surefire.real.class.path" value="C:\Users\jky-luxy\AppData\Local\Temp\surefire4617883909539399919\surefirebooter10790368316850473038.jar"/>
    <property name="user.script" value=""/>
    <property name="sun.management.compiler" value="HotSpot 64-Bit Tiered Compilers"/>
    <property name="java.runtime.version" value="15.0.1+9-18"/>
    <property name="user.name" value="jky-luxy"/>
    <property name="path.separator" value=";"/>
    <property name="os.version" value="10.0"/>
    <property name="java.runtime.name" value="Java(TM) SE Runtime Environment"/>
    <property name="file.encoding" value="GBK"/>
    <property name="java.vm.name" value="Java HotSpot(TM) 64-Bit Server VM"/>
    <property name="localRepository" value="C:\Code\CangPin"/>
    <property name="java.vendor.url.bug" value="https://bugreport.java.com/bugreport/"/>
    <property name="java.io.tmpdir" value="C:\Users\jky-luxy\AppData\Local\Temp\"/>
    <property name="idea.version" value="2020.3"/>
    <property name="java.version" value="15.0.1"/>
    <property name="user.dir" value="C:\迅雷云盘\test\test"/>
    <property name="os.arch" value="amd64"/>
    <property name="java.vm.specification.name" value="Java Virtual Machine Specification"/>
    <property name="sun.os.patch.level" value=""/>
    <property name="java.library.path" value="C:\Code\jdk-15.0.1_windows-x64_bin\jdk-15.0.1\bin;C:\Windows\Sun\Java\bin;C:\Windows\system32;C:\Windows;C:\Windows\system32;C:\Windows;C:\Windows\System32\Wbem;C:\Windows\System32\WindowsPowerShell\v1.0\;C:\Windows\System32\OpenSSH\;C:\Program Files\dotnet\;C:\Program Files (x86)\dotnet\;C:\FastAccess;C:\Code\jdk-15.0.1_windows-x64_bin\jdk-15.0.1\bin;C:\Code\apache-maven-3.6.3-bin\apache-maven-3.6.3\bin;C:\Program Files\Git\cmd;C:\Users\jky-luxy\AppData\Local\Microsoft\WindowsApps;C:\tool\IntelliJ IDEA Community Edition 2020.3\bin;;C:\Users\jky-luxy\AppData\Local\GitHubDesktop\bin;."/>
    <property name="java.vm.info" value="mixed mode, sharing"/>
    <property name="java.vendor" value="Oracle Corporation"/>
    <property name="java.vm.version" value="15.0.1+9-18"/>
    <property name="sun.io.unicode.encoding" value="UnicodeLittle"/>
    <property name="maven.repo.local" value="C:\Code\CangPin"/>
    <property name="java.class.version" value="59.0"/>
  </properties>
  <testcase name="shouldAnswerWithTrue" classname="com.demo.AppTest" time="0.004"/>
</testsuite>